Traceback (most recent call last):
  File "/home/runner/micromamba-root/envs/clivar/lib/python3.10/site-packages/jupyter_cache/executors/utils.py", line 51, in single_nb_execution
    executenb(
  File "/home/runner/micromamba-root/envs/clivar/lib/python3.10/site-packages/nbclient/client.py", line 1204, in execute
    return NotebookClient(nb=nb, resources=resources, km=km, **kwargs).execute()
  File "/home/runner/micromamba-root/envs/clivar/lib/python3.10/site-packages/nbclient/util.py", line 84, in wrapped
    return just_run(coro(*args, **kwargs))
  File "/home/runner/micromamba-root/envs/clivar/lib/python3.10/site-packages/nbclient/util.py", line 62, in just_run
    return loop.run_until_complete(coro)
  File "/home/runner/micromamba-root/envs/clivar/lib/python3.10/asyncio/base_events.py", line 646, in run_until_complete
    return future.result()
  File "/home/runner/micromamba-root/envs/clivar/lib/python3.10/site-packages/nbclient/client.py", line 663, in async_execute
    await self.async_execute_cell(
  File "/home/runner/micromamba-root/envs/clivar/lib/python3.10/site-packages/nbclient/client.py", line 965, in async_execute_cell
    await self._check_raise_for_error(cell, cell_index, exec_reply)
  File "/home/runner/micromamba-root/envs/clivar/lib/python3.10/site-packages/nbclient/client.py", line 862, in _check_raise_for_error
    raise CellExecutionError.from_cell_and_msg(cell, exec_reply_content)
nbclient.exceptions.CellExecutionError: An error occurred while executing the following cell:
------------------
tas_AOI.isel(time=0).plot(cmap="coolwarm")
------------------

[0;31m---------------------------------------------------------------------------[0m
[0;31mImportError[0m                               Traceback (most recent call last)
Cell [0;32mIn [27], line 1[0m
[0;32m----> 1[0m [43mtas_AOI[49m[38;5;241;43m.[39;49m[43misel[49m[43m([49m[43mtime[49m[38;5;241;43m=[39;49m[38;5;241;43m0[39;49m[43m)[49m[38;5;241;43m.[39;49m[43mplot[49m[43m([49m[43mcmap[49m[38;5;241;43m=[39;49m[38;5;124;43m"[39;49m[38;5;124;43mcoolwarm[39;49m[38;5;124;43m"[39;49m[43m)[49m

File [0;32m~/micromamba-root/envs/clivar/lib/python3.10/site-packages/xarray/plot/plot.py:869[0m, in [0;36m_PlotMethods.__call__[0;34m(self, **kwargs)[0m
[1;32m    868[0m [38;5;28;01mdef[39;00m [38;5;21m__call__[39m([38;5;28mself[39m, [38;5;241m*[39m[38;5;241m*[39mkwargs):
[0;32m--> 869[0m     [38;5;28;01mreturn[39;00m [43mplot[49m[43m([49m[38;5;28;43mself[39;49m[38;5;241;43m.[39;49m[43m_da[49m[43m,[49m[43m [49m[38;5;241;43m*[39;49m[38;5;241;43m*[39;49m[43mkwargs[49m[43m)[49m

File [0;32m~/micromamba-root/envs/clivar/lib/python3.10/site-packages/xarray/plot/plot.py:335[0m, in [0;36mplot[0;34m(darray, row, col, col_wrap, ax, hue, rtol, subplot_kws, **kwargs)[0m
[1;32m    331[0m     plotfunc [38;5;241m=[39m hist
[1;32m    333[0m kwargs[[38;5;124m"[39m[38;5;124max[39m[38;5;124m"[39m] [38;5;241m=[39m ax
[0;32m--> 335[0m [38;5;28;01mreturn[39;00m [43mplotfunc[49m[43m([49m[43mdarray[49m[43m,[49m[43m [49m[38;5;241;43m*[39;49m[38;5;241;43m*[39;49m[43mkwargs[49m[43m)[49m

File [0;32m~/micromamba-root/envs/clivar/lib/python3.10/site-packages/xarray/plot/plot.py:1117[0m, in [0;36m_plot2d.<locals>.newplotfunc[0;34m(darray, x, y, figsize, size, aspect, ax, row, col, col_wrap, xincrease, yincrease, add_colorbar, add_labels, vmin, vmax, cmap, center, robust, extend, levels, infer_intervals, colors, subplot_kws, cbar_ax, cbar_kwargs, xscale, yscale, xticks, yticks, xlim, ylim, norm, **kwargs)[0m
[1;32m   1114[0m     allargs[[38;5;124m"[39m[38;5;124mplotfunc[39m[38;5;124m"[39m] [38;5;241m=[39m [38;5;28mglobals[39m()[plotfunc[38;5;241m.[39m[38;5;18m__name__[39m]
[1;32m   1115[0m     [38;5;28;01mreturn[39;00m _easy_facetgrid(darray, kind[38;5;241m=[39m[38;5;124m"[39m[38;5;124mdataarray[39m[38;5;124m"[39m, [38;5;241m*[39m[38;5;241m*[39mallargs)
[0;32m-> 1117[0m plt [38;5;241m=[39m [43mimport_matplotlib_pyplot[49m[43m([49m[43m)[49m
[1;32m   1119[0m [38;5;28;01mif[39;00m (
[1;32m   1120[0m     plotfunc[38;5;241m.[39m[38;5;18m__name__[39m [38;5;241m==[39m [38;5;124m"[39m[38;5;124msurface[39m[38;5;124m"[39m
[1;32m   1121[0m     [38;5;129;01mand[39;00m [38;5;129;01mnot[39;00m kwargs[38;5;241m.[39mget([38;5;124m"[39m[38;5;124m_is_facetgrid[39m[38;5;124m"[39m, [38;5;28;01mFalse[39;00m)
[1;32m   1122[0m     [38;5;129;01mand[39;00m ax [38;5;129;01mis[39;00m [38;5;129;01mnot[39;00m [38;5;28;01mNone[39;00m
[1;32m   1123[0m ):
[1;32m   1124[0m     [38;5;28;01mimport[39;00m [38;5;21;01mmpl_toolkits[39;00m  [38;5;66;03m# type: ignore[39;00m

File [0;32m~/micromamba-root/envs/clivar/lib/python3.10/site-packages/xarray/plot/utils.py:47[0m, in [0;36mimport_matplotlib_pyplot[0;34m()[0m
[1;32m     45[0m [38;5;124;03m"""import pyplot"""[39;00m
[1;32m     46[0m [38;5;66;03m# TODO: This function doesn't do anything (after #6109), remove it?[39;00m
[0;32m---> 47[0m [38;5;28;01mimport[39;00m [38;5;21;01mmatplotlib[39;00m[38;5;21;01m.[39;00m[38;5;21;01mpyplot[39;00m [38;5;28;01mas[39;00m [38;5;21;01mplt[39;00m
[1;32m     49[0m [38;5;28;01mreturn[39;00m plt

File [0;32m~/micromamba-root/envs/clivar/lib/python3.10/site-packages/matplotlib/__init__.py:107[0m
[1;32m    103[0m [38;5;28;01mimport[39;00m [38;5;21;01mwarnings[39;00m
[1;32m    105[0m [38;5;66;03m# cbook must import matplotlib only within function[39;00m
[1;32m    106[0m [38;5;66;03m# definitions, so it is safe to import from it here.[39;00m
[0;32m--> 107[0m [38;5;28;01mfrom[39;00m [38;5;21;01m.[39;00m [38;5;28;01mimport[39;00m _api, cbook, docstring, rcsetup
[1;32m    108[0m [38;5;28;01mfrom[39;00m [38;5;21;01mmatplotlib[39;00m[38;5;21;01m.[39;00m[38;5;21;01mcbook[39;00m [38;5;28;01mimport[39;00m MatplotlibDeprecationWarning, sanitize_sequence
[1;32m    109[0m [38;5;28;01mfrom[39;00m [38;5;21;01mmatplotlib[39;00m[38;5;21;01m.[39;00m[38;5;21;01mcbook[39;00m [38;5;28;01mimport[39;00m mplDeprecation  [38;5;66;03m# deprecated[39;00m

File [0;32m~/micromamba-root/envs/clivar/lib/python3.10/site-packages/matplotlib/rcsetup.py:26[0m
[1;32m     24[0m [38;5;28;01mfrom[39;00m [38;5;21;01mmatplotlib[39;00m [38;5;28;01mimport[39;00m _api, animation, cbook
[1;32m     25[0m [38;5;28;01mfrom[39;00m [38;5;21;01mmatplotlib[39;00m[38;5;21;01m.[39;00m[38;5;21;01mcbook[39;00m [38;5;28;01mimport[39;00m ls_mapper
[0;32m---> 26[0m [38;5;28;01mfrom[39;00m [38;5;21;01mmatplotlib[39;00m[38;5;21;01m.[39;00m[38;5;21;01mcolors[39;00m [38;5;28;01mimport[39;00m Colormap, is_color_like
[1;32m     27[0m [38;5;28;01mfrom[39;00m [38;5;21;01mmatplotlib[39;00m[38;5;21;01m.[39;00m[38;5;21;01mfontconfig_pattern[39;00m [38;5;28;01mimport[39;00m parse_fontconfig_pattern
[1;32m     28[0m [38;5;28;01mfrom[39;00m [38;5;21;01mmatplotlib[39;00m[38;5;21;01m.[39;00m[38;5;21;01m_enums[39;00m [38;5;28;01mimport[39;00m JoinStyle, CapStyle

File [0;32m~/micromamba-root/envs/clivar/lib/python3.10/site-packages/matplotlib/colors.py:82[0m
[1;32m     80[0m [38;5;28;01mimport[39;00m [38;5;21;01mmatplotlib[39;00m [38;5;28;01mas[39;00m [38;5;21;01mmpl[39;00m
[1;32m     81[0m [38;5;28;01mimport[39;00m [38;5;21;01mnumpy[39;00m [38;5;28;01mas[39;00m [38;5;21;01mnp[39;00m
[0;32m---> 82[0m [38;5;28;01mfrom[39;00m [38;5;21;01mmatplotlib[39;00m [38;5;28;01mimport[39;00m _api, cbook, scale
[1;32m     83[0m [38;5;28;01mfrom[39;00m [38;5;21;01m.[39;00m[38;5;21;01m_color_data[39;00m [38;5;28;01mimport[39;00m BASE_COLORS, TABLEAU_COLORS, CSS4_COLORS, XKCD_COLORS
[1;32m     86[0m [38;5;28;01mclass[39;00m [38;5;21;01m_ColorMapping[39;00m([38;5;28mdict[39m):

File [0;32m~/micromamba-root/envs/clivar/lib/python3.10/site-packages/matplotlib/scale.py:18[0m
[1;32m     16[0m [38;5;28;01mimport[39;00m [38;5;21;01mmatplotlib[39;00m [38;5;28;01mas[39;00m [38;5;21;01mmpl[39;00m
[1;32m     17[0m [38;5;28;01mfrom[39;00m [38;5;21;01mmatplotlib[39;00m [38;5;28;01mimport[39;00m _api, docstring
[0;32m---> 18[0m [38;5;28;01mfrom[39;00m [38;5;21;01mmatplotlib[39;00m[38;5;21;01m.[39;00m[38;5;21;01mticker[39;00m [38;5;28;01mimport[39;00m (
[1;32m     19[0m     NullFormatter, ScalarFormatter, LogFormatterSciNotation, LogitFormatter,
[1;32m     20[0m     NullLocator, LogLocator, AutoLocator, AutoMinorLocator,
[1;32m     21[0m     SymmetricalLogLocator, LogitLocator)
[1;32m     22[0m [38;5;28;01mfrom[39;00m [38;5;21;01mmatplotlib[39;00m[38;5;21;01m.[39;00m[38;5;21;01mtransforms[39;00m [38;5;28;01mimport[39;00m Transform, IdentityTransform
[1;32m     25[0m [38;5;28;01mclass[39;00m [38;5;21;01mScaleBase[39;00m:

File [0;32m~/micromamba-root/envs/clivar/lib/python3.10/site-packages/matplotlib/ticker.py:179[0m
[1;32m    177[0m [38;5;28;01mimport[39;00m [38;5;21;01mmatplotlib[39;00m [38;5;28;01mas[39;00m [38;5;21;01mmpl[39;00m
[1;32m    178[0m [38;5;28;01mfrom[39;00m [38;5;21;01mmatplotlib[39;00m [38;5;28;01mimport[39;00m _api, cbook
[0;32m--> 179[0m [38;5;28;01mfrom[39;00m [38;5;21;01mmatplotlib[39;00m [38;5;28;01mimport[39;00m transforms [38;5;28;01mas[39;00m mtransforms
[1;32m    181[0m _log [38;5;241m=[39m logging[38;5;241m.[39mgetLogger([38;5;18m__name__[39m)
[1;32m    183[0m __all__ [38;5;241m=[39m ([38;5;124m'[39m[38;5;124mTickHelper[39m[38;5;124m'[39m, [38;5;124m'[39m[38;5;124mFormatter[39m[38;5;124m'[39m, [38;5;124m'[39m[38;5;124mFixedFormatter[39m[38;5;124m'[39m,
[1;32m    184[0m            [38;5;124m'[39m[38;5;124mNullFormatter[39m[38;5;124m'[39m, [38;5;124m'[39m[38;5;124mFuncFormatter[39m[38;5;124m'[39m, [38;5;124m'[39m[38;5;124mFormatStrFormatter[39m[38;5;124m'[39m,
[1;32m    185[0m            [38;5;124m'[39m[38;5;124mStrMethodFormatter[39m[38;5;124m'[39m, [38;5;124m'[39m[38;5;124mScalarFormatter[39m[38;5;124m'[39m, [38;5;124m'[39m[38;5;124mLogFormatter[39m[38;5;124m'[39m,
[0;32m   (...)[0m
[1;32m    192[0m            [38;5;124m'[39m[38;5;124mMultipleLocator[39m[38;5;124m'[39m, [38;5;124m'[39m[38;5;124mMaxNLocator[39m[38;5;124m'[39m, [38;5;124m'[39m[38;5;124mAutoMinorLocator[39m[38;5;124m'[39m,
[1;32m    193[0m            [38;5;124m'[39m[38;5;124mSymmetricalLogLocator[39m[38;5;124m'[39m, [38;5;124m'[39m[38;5;124mLogitLocator[39m[38;5;124m'[39m, [38;5;124m'[39m[38;5;124mOldAutoLocator[39m[38;5;124m'[39m)

File [0;32m~/micromamba-root/envs/clivar/lib/python3.10/site-packages/matplotlib/transforms.py:46[0m
[1;32m     43[0m [38;5;28;01mfrom[39;00m [38;5;21;01mnumpy[39;00m[38;5;21;01m.[39;00m[38;5;21;01mlinalg[39;00m [38;5;28;01mimport[39;00m inv
[1;32m     45[0m [38;5;28;01mfrom[39;00m [38;5;21;01mmatplotlib[39;00m [38;5;28;01mimport[39;00m _api
[0;32m---> 46[0m [38;5;28;01mfrom[39;00m [38;5;21;01mmatplotlib[39;00m[38;5;21;01m.[39;00m[38;5;21;01m_path[39;00m [38;5;28;01mimport[39;00m (
[1;32m     47[0m     affine_transform, count_bboxes_overlapping_bbox, update_path_extents)
[1;32m     48[0m [38;5;28;01mfrom[39;00m [38;5;21;01m.[39;00m[38;5;21;01mpath[39;00m [38;5;28;01mimport[39;00m Path
[1;32m     50[0m DEBUG [38;5;241m=[39m [38;5;28;01mFalse[39;00m

[0;31mImportError[0m: numpy.core.multiarray failed to import
ImportError: numpy.core.multiarray failed to import

